<?xml version="1.0" encoding="UTF-8" ?>
<testsuite failures="0" time="0.094" errors="0" skipped="0" tests="1" name="org.apce.persistencia.AppTest">
  <properties>
    <property name="java.runtime.name" value="Java(TM) SE Runtime Environment"/>
    <property name="sun.boot.library.path" value="C:\Program Files\Java\jdk1.6.0_29\jre\bin"/>
    <property name="java.vm.version" value="20.4-b02"/>
    <property name="java.vm.vendor" value="Sun Microsystems Inc."/>
    <property name="java.vendor.url" value="http://java.sun.com/"/>
    <property name="path.separator" value=";"/>
    <property name="java.vm.name" value="Java HotSpot(TM) Client VM"/>
    <property name="file.encoding.pkg" value="sun.io"/>
    <property name="user.country" value="AR"/>
    <property name="sun.java.launcher" value="SUN_STANDARD"/>
    <property name="sun.os.patch.level" value="Service Pack 3"/>
    <property name="java.vm.specification.name" value="Java Virtual Machine Specification"/>
    <property name="user.dir" value="C:\workspaceIndigo\Apce\Persistencia"/>
    <property name="java.runtime.version" value="1.6.0_29-b11"/>
    <property name="java.awt.graphicsenv" value="sun.awt.Win32GraphicsEnvironment"/>
    <property name="basedir" value="C:\workspaceIndigo\Apce\Persistencia"/>
    <property name="java.endorsed.dirs" value="C:\Program Files\Java\jdk1.6.0_29\jre\lib\endorsed"/>
    <property name="os.arch" value="x86"/>
    <property name="surefire.real.class.path" value="C:\workspaceIndigo\Apce\Persistencia\target\surefire\surefirebooter3116939745647642102.jar"/>
    <property name="java.io.tmpdir" value="C:\DOCUME~1\LIZQUI~1.SPA\LOCALS~1\Temp\"/>
    <property name="line.separator" value="
"/>
    <property name="java.vm.specification.vendor" value="Sun Microsystems Inc."/>
    <property name="user.variant" value=""/>
    <property name="os.name" value="Windows XP"/>
    <property name="sun.jnu.encoding" value="Cp1252"/>
    <property name="java.library.path" value="C:\Program Files\Java\jdk1.6.0_29\jre\bin;C:\WINDOWS\Sun\Java\bin;C:\WINDOWS\system32;C:\WINDOWS;C:\WINDOWS\system32;C:\WINDOWS;C:\WINDOWS\System32\Wbem;C:\Program Files\Intel\DMIX;C:\Program Files\Common Files\Lenovo;C:\Program Files\Windows Imaging\;C:\WINDOWS\system32\WindowsPowerShell\v1.0;C:\Program Files\apache-maven-3.0.3\bin;."/>
    <property name="surefire.test.class.path" value="C:\workspaceIndigo\Apce\Persistencia\target\test-classes;C:\workspaceIndigo\Apce\Persistencia\target\classes;C:\Documents and Settings\lizquier.SPAIN\.m2\repository\org\apce\multimodule\Modelo\1.0-SNAPSHOT\Modelo-1.0-SNAPSHOT.jar;C:\Documents and Settings\lizquier.SPAIN\.m2\repository\org\springframework\spring\2.5\spring-2.5.jar;C:\Documents and Settings\lizquier.SPAIN\.m2\repository\commons-logging\commons-logging\1.1\commons-logging-1.1.jar;C:\Documents and Settings\lizquier.SPAIN\.m2\repository\commons-dbcp\commons-dbcp\1.4\commons-dbcp-1.4.jar;C:\Documents and Settings\lizquier.SPAIN\.m2\repository\commons-pool\commons-pool\1.5.4\commons-pool-1.5.4.jar;C:\Documents and Settings\lizquier.SPAIN\.m2\repository\postgresql\postgresql\8.4-702.jdbc4\postgresql-8.4-702.jdbc4.jar;C:\Documents and Settings\lizquier.SPAIN\.m2\repository\org\hibernate\hibernate\3.2.5.ga\hibernate-3.2.5.ga.jar;C:\Documents and Settings\lizquier.SPAIN\.m2\repository\net\sf\ehcache\ehcache\1.2.3\ehcache-1.2.3.jar;C:\Documents and Settings\lizquier.SPAIN\.m2\repository\asm\asm-attrs\1.5.3\asm-attrs-1.5.3.jar;C:\Documents and Settings\lizquier.SPAIN\.m2\repository\dom4j\dom4j\1.6.1\dom4j-1.6.1.jar;C:\Documents and Settings\lizquier.SPAIN\.m2\repository\antlr\antlr\2.7.6\antlr-2.7.6.jar;C:\Documents and Settings\lizquier.SPAIN\.m2\repository\cglib\cglib\2.1_3\cglib-2.1_3.jar;C:\Documents and Settings\lizquier.SPAIN\.m2\repository\asm\asm\1.5.3\asm-1.5.3.jar;C:\Documents and Settings\lizquier.SPAIN\.m2\repository\commons-collections\commons-collections\2.1.1\commons-collections-2.1.1.jar;C:\Documents and Settings\lizquier.SPAIN\.m2\repository\org\hibernate\hibernate-annotations\3.3.0.ga\hibernate-annotations-3.3.0.ga.jar;C:\Documents and Settings\lizquier.SPAIN\.m2\repository\javax\persistence\persistence-api\1.0\persistence-api-1.0.jar;C:\Documents and Settings\lizquier.SPAIN\.m2\repository\org\hibernate\hibernate-commons-annotations\3.3.0.ga\hibernate-commons-annotations-3.3.0.ga.jar;C:\Documents and Settings\lizquier.SPAIN\.m2\repository\org\hibernate\hibernate-tools\3.2.0.ga\hibernate-tools-3.2.0.ga.jar;C:\Documents and Settings\lizquier.SPAIN\.m2\repository\org\beanshell\bsh\2.0b4\bsh-2.0b4.jar;C:\Documents and Settings\lizquier.SPAIN\.m2\repository\freemarker\freemarker\2.3.8\freemarker-2.3.8.jar;C:\Documents and Settings\lizquier.SPAIN\.m2\repository\org\hibernate\jtidy\r8-20060801\jtidy-r8-20060801.jar;C:\Documents and Settings\lizquier.SPAIN\.m2\repository\org\apache\geronimo\specs\geronimo-jta_1.0.1B_spec\1.1.1\geronimo-jta_1.0.1B_spec-1.1.1.jar;C:\Documents and Settings\lizquier.SPAIN\.m2\repository\junit\junit\3.8.1\junit-3.8.1.jar;"/>
    <property name="java.specification.name" value="Java Platform API Specification"/>
    <property name="java.class.version" value="50.0"/>
    <property name="sun.management.compiler" value="HotSpot Client Compiler"/>
    <property name="os.version" value="5.1"/>
    <property name="user.home" value="C:\Documents and Settings\lizquier.SPAIN"/>
    <property name="user.timezone" value=""/>
    <property name="java.awt.printerjob" value="sun.awt.windows.WPrinterJob"/>
    <property name="java.specification.version" value="1.6"/>
    <property name="file.encoding" value="Cp1252"/>
    <property name="user.name" value="lizquier"/>
    <property name="java.class.path" value="C:\workspaceIndigo\Apce\Persistencia\target\test-classes;C:\workspaceIndigo\Apce\Persistencia\target\classes;C:\Documents and Settings\lizquier.SPAIN\.m2\repository\org\apce\multimodule\Modelo\1.0-SNAPSHOT\Modelo-1.0-SNAPSHOT.jar;C:\Documents and Settings\lizquier.SPAIN\.m2\repository\org\springframework\spring\2.5\spring-2.5.jar;C:\Documents and Settings\lizquier.SPAIN\.m2\repository\commons-logging\commons-logging\1.1\commons-logging-1.1.jar;C:\Documents and Settings\lizquier.SPAIN\.m2\repository\commons-dbcp\commons-dbcp\1.4\commons-dbcp-1.4.jar;C:\Documents and Settings\lizquier.SPAIN\.m2\repository\commons-pool\commons-pool\1.5.4\commons-pool-1.5.4.jar;C:\Documents and Settings\lizquier.SPAIN\.m2\repository\postgresql\postgresql\8.4-702.jdbc4\postgresql-8.4-702.jdbc4.jar;C:\Documents and Settings\lizquier.SPAIN\.m2\repository\org\hibernate\hibernate\3.2.5.ga\hibernate-3.2.5.ga.jar;C:\Documents and Settings\lizquier.SPAIN\.m2\repository\net\sf\ehcache\ehcache\1.2.3\ehcache-1.2.3.jar;C:\Documents and Settings\lizquier.SPAIN\.m2\repository\asm\asm-attrs\1.5.3\asm-attrs-1.5.3.jar;C:\Documents and Settings\lizquier.SPAIN\.m2\repository\dom4j\dom4j\1.6.1\dom4j-1.6.1.jar;C:\Documents and Settings\lizquier.SPAIN\.m2\repository\antlr\antlr\2.7.6\antlr-2.7.6.jar;C:\Documents and Settings\lizquier.SPAIN\.m2\repository\cglib\cglib\2.1_3\cglib-2.1_3.jar;C:\Documents and Settings\lizquier.SPAIN\.m2\repository\asm\asm\1.5.3\asm-1.5.3.jar;C:\Documents and Settings\lizquier.SPAIN\.m2\repository\commons-collections\commons-collections\2.1.1\commons-collections-2.1.1.jar;C:\Documents and Settings\lizquier.SPAIN\.m2\repository\org\hibernate\hibernate-annotations\3.3.0.ga\hibernate-annotations-3.3.0.ga.jar;C:\Documents and Settings\lizquier.SPAIN\.m2\repository\javax\persistence\persistence-api\1.0\persistence-api-1.0.jar;C:\Documents and Settings\lizquier.SPAIN\.m2\repository\org\hibernate\hibernate-commons-annotations\3.3.0.ga\hibernate-commons-annotations-3.3.0.ga.jar;C:\Documents and Settings\lizquier.SPAIN\.m2\repository\org\hibernate\hibernate-tools\3.2.0.ga\hibernate-tools-3.2.0.ga.jar;C:\Documents and Settings\lizquier.SPAIN\.m2\repository\org\beanshell\bsh\2.0b4\bsh-2.0b4.jar;C:\Documents and Settings\lizquier.SPAIN\.m2\repository\freemarker\freemarker\2.3.8\freemarker-2.3.8.jar;C:\Documents and Settings\lizquier.SPAIN\.m2\repository\org\hibernate\jtidy\r8-20060801\jtidy-r8-20060801.jar;C:\Documents and Settings\lizquier.SPAIN\.m2\repository\org\apache\geronimo\specs\geronimo-jta_1.0.1B_spec\1.1.1\geronimo-jta_1.0.1B_spec-1.1.1.jar;C:\Documents and Settings\lizquier.SPAIN\.m2\repository\junit\junit\3.8.1\junit-3.8.1.jar;"/>
    <property name="java.vm.specification.version" value="1.0"/>
    <property name="sun.arch.data.model" value="32"/>
    <property name="java.home" value="C:\Program Files\Java\jdk1.6.0_29\jre"/>
    <property name="sun.java.command" value="C:\workspaceIndigo\Apce\Persistencia\target\surefire\surefirebooter3116939745647642102.jar C:\workspaceIndigo\Apce\Persistencia\target\surefire\surefire4115661877129473075tmp C:\workspaceIndigo\Apce\Persistencia\target\surefire\surefire7895509657993625242tmp"/>
    <property name="java.specification.vendor" value="Sun Microsystems Inc."/>
    <property name="user.language" value="es"/>
    <property name="awt.toolkit" value="sun.awt.windows.WToolkit"/>
    <property name="java.vm.info" value="mixed mode, sharing"/>
    <property name="java.version" value="1.6.0_29"/>
    <property name="java.ext.dirs" value="C:\Program Files\Java\jdk1.6.0_29\jre\lib\ext;C:\WINDOWS\Sun\Java\lib\ext"/>
    <property name="sun.boot.class.path" value="C:\Program Files\Java\jdk1.6.0_29\jre\lib\resources.jar;C:\Program Files\Java\jdk1.6.0_29\jre\lib\rt.jar;C:\Program Files\Java\jdk1.6.0_29\jre\lib\sunrsasign.jar;C:\Program Files\Java\jdk1.6.0_29\jre\lib\jsse.jar;C:\Program Files\Java\jdk1.6.0_29\jre\lib\jce.jar;C:\Program Files\Java\jdk1.6.0_29\jre\lib\charsets.jar;C:\Program Files\Java\jdk1.6.0_29\jre\lib\modules\jdk.boot.jar;C:\Program Files\Java\jdk1.6.0_29\jre\classes"/>
    <property name="java.vendor" value="Sun Microsystems Inc."/>
    <property name="localRepository" value="C:\Documents and Settings\lizquier.SPAIN\.m2\repository"/>
    <property name="file.separator" value="\"/>
    <property name="java.vendor.url.bug" value="http://java.sun.com/cgi-bin/bugreport.cgi"/>
    <property name="sun.cpu.endian" value="little"/>
    <property name="sun.io.unicode.encoding" value="UnicodeLittle"/>
    <property name="sun.desktop" value="windows"/>
    <property name="sun.cpu.isalist" value="pentium_pro+mmx pentium_pro pentium+mmx pentium i486 i386 i86"/>
  </properties>
  <testcase time="0" classname="org.apce.persistencia.AppTest" name="testApp"/>
</testsuite>